{
  "friendly": "王者荣耀/LOL",
  "limiters": [
    {"id": "sgame1:cpu4", "active_interval": 60, "step": -1, "mode": "BOTTOM",
      "max": 1996800, "min": 844800, "margin": 485, "smoothness": 6},
    {"id": "sgame1:cpu7", "active_interval": 60, "step": -1, "mode": "BOTTOM",
      "max": 2150400, "min": 844800, "margin": 485, "smoothness": 6},

    {"id": "sgame2:cpu4", "step": -1, "mode": "BOTTOM", "max": 2112000, "min": 1440000, "margin": 545, "smoothness": 6},
    {"id": "sgame2:cpu7", "step": -1, "mode": "BOTTOM", "max": 2265600, "min": 1420800, "margin": 545, "smoothness": 6},

    {"id": "sgame3:cpu4", "active_interval": 60, "step": -1, "mode": "BOTTOM",
      "max": 2342400, "min": 1670400, "margin": 545, "smoothness": 12},
    {"id": "sgame3:cpu7", "active_interval": 60, "step": -1, "mode": "BOTTOM",
      "max": 2496000, "min": 1670400, "margin": 545, "smoothness": 12},

    {"id": "sgame4:cpu4", "active_interval": 40, "step": -1, "mode": "BOTTOM",
      "max": 2419200, "min": 1670400, "margin": 635, "smoothness": 22},
    {"id": "sgame4:cpu7", "active_interval": 40, "step": -0.93, "mode": "BOTTOM",
      "max": 2841600, "min": 1670400, "margin": 635, "smoothness": 22}
  ],
  "cpuset": {
    "interval": 2000,
    "unity_main": "7",
    "heavy_thread": "Thread-",
    "heavy_cores": "6",
    "comm": {
      "4-7": ["UnityPreload"],
      "6": ["UnityGfx"],
      "4-5": ["CoreThread"],
      "0-5": ["Worker Thread", "NativeThread", "Audio", "NDK Media", "GVoice", "FMOD mixer", "FMOD stream", "ff_read"]
    },
    "other": "0-5"
  },
  "call": [
    ["@thermal_disguise", "true"]
  ],
  "modes": [{
    "mode": ["powersave"],
    "call": [
      ["@sched_limit", "0 0", "0 8000", "0 8000"],
      ["$core_ctl_4", "0"], ["$core_ctl_7", "0"],
      ["@gpu_freq", "min", "450000"]
    ],
    "booster": {
      "duration": 3000,
      "idle_delay": 3000,
      "enter": [
        ["@limiters", "sgame1:cpu4", "sgame1:cpu7"]
      ],
      "exit": [
        ["@limiters", "NONE"],
        ["@values", "min_freq", "806400", "710400", "710400"]
      ]
    },
    "sensors": [{
      "sensor": "fps",
      "interval": 5000,
      "props": ["$cpu_max_0", "$cpu_max_4", "$cpu_max_7"],
      "rules": [
        { "threshold": [-1, 100], "values": ["1612800", "1996800", "2150400"] },
        { "threshold": [99, 75], "values": ["1612800", "1881600", "1900800"] },
        { "threshold": [70, -1], "values": ["1612800", "1766400", "1900800"] }
      ]
    }]
  }, {
    "mode": ["balance"],
    "call": [
      ["@gpu_freq", "min", "500000"],
      ["@sched_limit", "0 0", "0 1000", "0 1000"]
    ],
    "booster": {
      "duration": 5000,
      "idle_delay": 3000,
      "enter": [
        ["@limiters", "sgame2:cpu4", "sgame2:cpu7"]
      ],
      "exit": [
        ["@limiters", "NONE"],
        ["@values", "min_freq", "806400", "710400", "710400"]
      ]
    },
    "sensors": [
      {
        "sensor": "fps",
        "interval": 5000,
        "props": ["$cpu_max_0", "$cpu_max_4", "$cpu_max_7"],
        "rules": [
          { "threshold": [-1, 100], "values": ["1804800", "2112000", "2265600"] },
          { "threshold": [99, 75], "values": ["1804800", "1996800", "2035200"] },
          { "threshold": [70, -1], "values": ["1804800", "1766400", "1785600"] }
        ]
      }
    ]
  }, {
    "mode": ["performance"],
    "call": [
      ["@values", "max_freq", "1804800", "2419200", "2841600"],
      ["$sched_boost", "0"],
      ["@gpu_freq", "min", "540000"],
      ["@sched_limit", "0 0", "0 1000", "0 1000"],
      ["@limiters", "sgame3:cpu4", "sgame3:cpu7"]
    ],
    "sensors": [
      {
        "sensor": "fps",
        "interval": 5000,
        "props": ["$cpu_max_0", "$cpu_max_4", "$cpu_max_7"],
        "rules": [
          { "threshold": [-1, 100], "values": ["1804800", "2419200", "2841600"] },
          { "threshold": [99, 75], "values": ["1804800", "2112000", "2150400"] },
          { "threshold": [70, -1], "values": ["1804800", "1996800", "1900800"] }
        ]
      }
    ]
  }, {
    "mode": ["*"],
    "call": [
      ["@values", "max_freq", "1804800", "2419200", "2841600"],
      ["$sched_boost", "0"],
      ["@gpu_freq", "min", "608000"],
      ["@sched_limit", "0 0", "0 0", "0 0"],
      ["@limiters", "sgame4:cpu4", "sgame4:cpu7"]
    ],
    "sensors": [
      {
        "sensor": "fps",
        "interval": 5000,
        "props": ["$cpu_max_0", "$cpu_max_4", "$cpu_max_7"],
        "rules": [
          { "threshold": [-1, 100], "values": ["1804800", "2419200", "2841600"] },
          { "threshold": [99, 75], "values": ["1804800", "2112000", "2150400"] },
          { "threshold": [70, -1], "values": ["1804800", "1996800", "1900800"] }
        ]
      }
    ]
  }]
}